<?xml version="1.0" encoding="UTF-8"?>
<!-- Generated by org.testng.reporters.JUnitXMLReporter -->
<testsuite hostname="Udani-PC" ignored="0" name="Surefire test" tests="6" failures="0" timestamp="2019-12-29T17:55:01 SGT" time="0.075" errors="0">
  <testcase name="NativeAppAndroid" time="0.012" classname="quickacademy.Mavenjava.AppiumTest"/>
  <testcase name="NativeAppiOS" time="0.0" classname="quickacademy.Mavenjava.AppiumTest"/>
  <testcase name="deleteTwitter" time="0.001" classname="quickacademy.Mavenjava.RESTApiTest"/>
  <testcase name="postJira" time="0.0" classname="quickacademy.Mavenjava.RESTApiTest"/>
  <testcase name="browserAutomation" time="0.0" classname="quickacademy.Mavenjava.SeleniumTest"/>
  <testcase name="elementUI" time="0.0" classname="quickacademy.Mavenjava.SeleniumTest"/>
</testsuite> <!-- Surefire test -->
